  cheap.cpp
c:\users\jboom\documents\github\c-heap\c-heap\cheap.cpp(2): error C2988: 템플릿 선언/정의를 인식할 수 없습니다.
c:\users\jboom\documents\github\c-heap\c-heap\cheap.cpp(2): error C2143: 구문 오류: ';'이(가) '<' 앞에 없습니다.
c:\users\jboom\documents\github\c-heap\c-heap\cheap.cpp(2): error C2182: 'CHeap': 'void' 형식을 잘못 사용했습니다.
c:\users\jboom\documents\github\c-heap\c-heap\cheap.cpp(2): error C2059: 구문 오류: '<'
c:\users\jboom\documents\github\c-heap\c-heap\cheap.cpp(2): error C2039: 'DestroyHeap': '`global namespace''의 멤버가 아닙니다.
c:\users\jboom\documents\github\c-heap\c-heap\cheap.cpp(3): error C2143: 구문 오류: ';'이(가) '{' 앞에 없습니다.
c:\users\jboom\documents\github\c-heap\c-heap\cheap.cpp(3): error C2447: '{': 함수 헤더가 없습니다. 이전 스타일의 형식 목록입니까?
c:\users\jboom\documents\github\c-heap\c-heap\cheap.cpp(8): error C2988: 템플릿 선언/정의를 인식할 수 없습니다.
c:\users\jboom\documents\github\c-heap\c-heap\cheap.cpp(8): error C2143: 구문 오류: ';'이(가) '<' 앞에 없습니다.
c:\users\jboom\documents\github\c-heap\c-heap\cheap.cpp(8): error C2182: 'CHeap': 'void' 형식을 잘못 사용했습니다.
c:\users\jboom\documents\github\c-heap\c-heap\cheap.cpp(8): error C2374: 'CHeap': 재정의. 여러 번 초기화했습니다.
  c:\users\jboom\documents\github\c-heap\c-heap\cheap.cpp(2): note: 'CHeap' 선언을 참조하십시오.
c:\users\jboom\documents\github\c-heap\c-heap\cheap.cpp(8): error C2059: 구문 오류: '<'
c:\users\jboom\documents\github\c-heap\c-heap\cheap.cpp(8): error C2039: 'Insert': '`global namespace''의 멤버가 아닙니다.
c:\users\jboom\documents\github\c-heap\c-heap\cheap.cpp(9): error C2143: 구문 오류: ';'이(가) '{' 앞에 없습니다.
c:\users\jboom\documents\github\c-heap\c-heap\cheap.cpp(9): error C2447: '{': 함수 헤더가 없습니다. 이전 스타일의 형식 목록입니까?
c:\users\jboom\documents\github\c-heap\c-heap\cheap.cpp(33): error C2988: 템플릿 선언/정의를 인식할 수 없습니다.
c:\users\jboom\documents\github\c-heap\c-heap\cheap.cpp(33): error C2143: 구문 오류: ';'이(가) '<' 앞에 없습니다.
c:\users\jboom\documents\github\c-heap\c-heap\cheap.cpp(33): error C2182: 'CHeap': 'void' 형식을 잘못 사용했습니다.
c:\users\jboom\documents\github\c-heap\c-heap\cheap.cpp(33): error C2374: 'CHeap': 재정의. 여러 번 초기화했습니다.
  c:\users\jboom\documents\github\c-heap\c-heap\cheap.cpp(2): note: 'CHeap' 선언을 참조하십시오.
c:\users\jboom\documents\github\c-heap\c-heap\cheap.cpp(33): error C2059: 구문 오류: '<'
c:\users\jboom\documents\github\c-heap\c-heap\cheap.cpp(33): error C2039: 'PeekTop': '`global namespace''의 멤버가 아닙니다.
c:\users\jboom\documents\github\c-heap\c-heap\cheap.cpp(34): error C2143: 구문 오류: ';'이(가) '{' 앞에 없습니다.
c:\users\jboom\documents\github\c-heap\c-heap\cheap.cpp(34): error C2447: '{': 함수 헤더가 없습니다. 이전 스타일의 형식 목록입니까?
c:\users\jboom\documents\github\c-heap\c-heap\cheap.cpp(39): error C2988: 템플릿 선언/정의를 인식할 수 없습니다.
c:\users\jboom\documents\github\c-heap\c-heap\cheap.cpp(39): error C2143: 구문 오류: ';'이(가) '<' 앞에 없습니다.
c:\users\jboom\documents\github\c-heap\c-heap\cheap.cpp(39): error C2182: 'CHeap': 'void' 형식을 잘못 사용했습니다.
c:\users\jboom\documents\github\c-heap\c-heap\cheap.cpp(39): error C2374: 'CHeap': 재정의. 여러 번 초기화했습니다.
  c:\users\jboom\documents\github\c-heap\c-heap\cheap.cpp(2): note: 'CHeap' 선언을 참조하십시오.
c:\users\jboom\documents\github\c-heap\c-heap\cheap.cpp(39): error C2059: 구문 오류: '<'
c:\users\jboom\documents\github\c-heap\c-heap\cheap.cpp(39): error C2039: 'Remove': '`global namespace''의 멤버가 아닙니다.
c:\users\jboom\documents\github\c-heap\c-heap\cheap.cpp(40): error C2143: 구문 오류: ';'이(가) '{' 앞에 없습니다.
c:\users\jboom\documents\github\c-heap\c-heap\cheap.cpp(40): error C2447: '{': 함수 헤더가 없습니다. 이전 스타일의 형식 목록입니까?
c:\users\jboom\documents\github\c-heap\c-heap\cheap.cpp(48): error C2988: 템플릿 선언/정의를 인식할 수 없습니다.
c:\users\jboom\documents\github\c-heap\c-heap\cheap.cpp(48): error C2143: 구문 오류: ';'이(가) '<' 앞에 없습니다.
c:\users\jboom\documents\github\c-heap\c-heap\cheap.cpp(48): error C2182: 'CHeap': 'void' 형식을 잘못 사용했습니다.
c:\users\jboom\documents\github\c-heap\c-heap\cheap.cpp(48): error C2374: 'CHeap': 재정의. 여러 번 초기화했습니다.
  c:\users\jboom\documents\github\c-heap\c-heap\cheap.cpp(2): note: 'CHeap' 선언을 참조하십시오.
c:\users\jboom\documents\github\c-heap\c-heap\cheap.cpp(48): error C2059: 구문 오류: '<'
c:\users\jboom\documents\github\c-heap\c-heap\cheap.cpp(48): error C2039: 'RebuildHeap': '`global namespace''의 멤버가 아닙니다.
c:\users\jboom\documents\github\c-heap\c-heap\cheap.cpp(49): error C2143: 구문 오류: ';'이(가) '{' 앞에 없습니다.
c:\users\jboom\documents\github\c-heap\c-heap\cheap.cpp(49): error C2447: '{': 함수 헤더가 없습니다. 이전 스타일의 형식 목록입니까?
  csimplelist.cpp
c:\users\jboom\documents\github\c-heap\c-heap\csimplelist.cpp(2): error C2988: 템플릿 선언/정의를 인식할 수 없습니다.
c:\users\jboom\documents\github\c-heap\c-heap\csimplelist.cpp(2): error C2143: 구문 오류: ';'이(가) '<' 앞에 없습니다.
c:\users\jboom\documents\github\c-heap\c-heap\csimplelist.cpp(2): error C2059: 구문 오류: '<'
c:\users\jboom\documents\github\c-heap\c-heap\csimplelist.cpp(2): error C2039: 'CSimpleList': '`global namespace''의 멤버가 아닙니다.
c:\users\jboom\documents\github\c-heap\c-heap\csimplelist.cpp(3): error C2143: 구문 오류: ';'이(가) '{' 앞에 없습니다.
c:\users\jboom\documents\github\c-heap\c-heap\csimplelist.cpp(3): error C2447: '{': 함수 헤더가 없습니다. 이전 스타일의 형식 목록입니까?
c:\users\jboom\documents\github\c-heap\c-heap\csimplelist.cpp(9): fatal error C1903: 이전 오류를 복구할 수 없습니다. 컴파일이 중지됩니다.
  'C:\Program Files (x86)\Microsoft Visual Studio\2017\BuildTools\VC\Tools\MSVC\14.16.27023\bin\HostX86\x86\CL.exe'에서 내부 컴파일러 오류
      자세한 내용을 보려면 Visual C++ [도움말] 메뉴에서
   [기술 지원] 명령을 선택하거나 기술 지원 도움말 파일을 참조하십시오.
