  csimplelist.cpp
C:\Users\JBoom\Documents\Algorithm\Test1\CHeap\CHeap\csimplelist.cpp(6,3): error C3861: 'm_items': 식별자를 찾을 수 없습니다.
C:\Users\JBoom\Documents\Algorithm\Test1\CHeap\CHeap\csimplelist.cpp(98): message : 컴파일되는 클래스 템플릿 인스턴스화 'CSimpleList<ListType>'에 대한 참조를 확인하세요.
C:\Users\JBoom\Documents\Algorithm\Test1\CHeap\CHeap\csimplelist.cpp(16,3): error C3861: 'm_currMax': 식별자를 찾을 수 없습니다.
C:\Users\JBoom\Documents\Algorithm\Test1\CHeap\CHeap\csimplelist.cpp(16,15): error C3861: 'm_numItems': 식별자를 찾을 수 없습니다.
C:\Users\JBoom\Documents\Algorithm\Test1\CHeap\CHeap\csimplelist.cpp(17,12): error C3861: 'm_items': 식별자를 찾을 수 없습니다.
C:\Users\JBoom\Documents\Algorithm\Test1\CHeap\CHeap\csimplelist.cpp(22,10): error C3861: 'm_items': 식별자를 찾을 수 없습니다.
C:\Users\JBoom\Documents\Algorithm\Test1\CHeap\CHeap\csimplelist.cpp(27,7): error C3861: 'IsFull': 식별자를 찾을 수 없습니다.
C:\Users\JBoom\Documents\Algorithm\Test1\CHeap\CHeap\csimplelist.cpp(27,13): message : 'IsFull': 인수가 템플릿 매개 변수에 종속되지 않으므로 함수 선언을 사용할 수 있어야 합니다.
C:\Users\JBoom\Documents\Algorithm\Test1\CHeap\CHeap\csimplelist.cpp(29,18): error C3861: 'L_INVALID_INDEX': 식별자를 찾을 수 없습니다.
C:\Users\JBoom\Documents\Algorithm\Test1\CHeap\CHeap\csimplelist.cpp(32,20): error C3861: 'MOVE_TOWARDS_BACK': 식별자를 찾을 수 없습니다.
C:\Users\JBoom\Documents\Algorithm\Test1\CHeap\CHeap\csimplelist.cpp(33,3): error C3861: 'm_items': 식별자를 찾을 수 없습니다.
C:\Users\JBoom\Documents\Algorithm\Test1\CHeap\CHeap\csimplelist.cpp(34,5): error C3861: 'm_numItems': 식별자를 찾을 수 없습니다.
C:\Users\JBoom\Documents\Algorithm\Test1\CHeap\CHeap\csimplelist.cpp(39,7): error C3861: 'IsEmpty': 식별자를 찾을 수 없습니다.
C:\Users\JBoom\Documents\Algorithm\Test1\CHeap\CHeap\csimplelist.cpp(39,14): message : 'IsEmpty': 인수가 템플릿 매개 변수에 종속되지 않으므로 함수 선언을 사용할 수 있어야 합니다.
C:\Users\JBoom\Documents\Algorithm\Test1\CHeap\CHeap\csimplelist.cpp(41,18): error C3861: 'L_EMPTY': 식별자를 찾을 수 없습니다.
C:\Users\JBoom\Documents\Algorithm\Test1\CHeap\CHeap\csimplelist.cpp(44,20): error C3861: 'MOVE_TOWARDS_FRONT': 식별자를 찾을 수 없습니다.
C:\Users\JBoom\Documents\Algorithm\Test1\CHeap\CHeap\csimplelist.cpp(45,5): error C3861: 'm_numItems': 식별자를 찾을 수 없습니다.
C:\Users\JBoom\Documents\Algorithm\Test1\CHeap\CHeap\csimplelist.cpp(50,3): error C3861: 'm_numItems': 식별자를 찾을 수 없습니다.
C:\Users\JBoom\Documents\Algorithm\Test1\CHeap\CHeap\csimplelist.cpp(60,14): error C2760: 구문 오류: '식별자'을(는) 예기치 않은 토큰입니다. 필요한 토큰은 '형식 지정자'입니다.
C:\Users\JBoom\Documents\Algorithm\Test1\CHeap\CHeap\csimplelist.cpp(65,4): error C3861: 'GetNumItems': 식별자를 찾을 수 없습니다.
C:\Users\JBoom\Documents\Algorithm\Test1\CHeap\CHeap\csimplelist.cpp(65,15): message : 'GetNumItems': 인수가 템플릿 매개 변수에 종속되지 않으므로 함수 선언을 사용할 수 있어야 합니다.
C:\Users\JBoom\Documents\Algorithm\Test1\CHeap\CHeap\csimplelist.cpp(67,4): error C3861: 'm_items': 식별자를 찾을 수 없습니다.
C:\Users\JBoom\Documents\Algorithm\Test1\CHeap\CHeap\csimplelist.cpp(70,10): error C3861: 'GetNumItems': 식별자를 찾을 수 없습니다.
C:\Users\JBoom\Documents\Algorithm\Test1\CHeap\CHeap\csimplelist.cpp(70,21): message : 'GetNumItems': 인수가 템플릿 매개 변수에 종속되지 않으므로 함수 선언을 사용할 수 있어야 합니다.
C:\Users\JBoom\Documents\Algorithm\Test1\CHeap\CHeap\csimplelist.cpp(77,20): error C3861: 'MOVE_TOWARDS_BACK': 식별자를 찾을 수 없습니다.
C:\Users\JBoom\Documents\Algorithm\Test1\CHeap\CHeap\csimplelist.cpp(79,19): error C3861: 'm_currMax': 식별자를 찾을 수 없습니다.
C:\Users\JBoom\Documents\Algorithm\Test1\CHeap\CHeap\csimplelist.cpp(79,32): error C3861: 'GetNumItems': 식별자를 찾을 수 없습니다.
C:\Users\JBoom\Documents\Algorithm\Test1\CHeap\CHeap\csimplelist.cpp(79,43): message : 'GetNumItems': 인수가 템플릿 매개 변수에 종속되지 않으므로 함수 선언을 사용할 수 있어야 합니다.
C:\Users\JBoom\Documents\Algorithm\Test1\CHeap\CHeap\csimplelist.cpp(79,48): error C3861: 'm_currMax': 식별자를 찾을 수 없습니다.
C:\Users\JBoom\Documents\Algorithm\Test1\CHeap\CHeap\csimplelist.cpp(79,64): error C3861: 'GetNumItems': 식별자를 찾을 수 없습니다.
C:\Users\JBoom\Documents\Algorithm\Test1\CHeap\CHeap\csimplelist.cpp(79,75): message : 'GetNumItems': 인수가 템플릿 매개 변수에 종속되지 않으므로 함수 선언을 사용할 수 있어야 합니다.
C:\Users\JBoom\Documents\Algorithm\Test1\CHeap\CHeap\csimplelist.cpp(83,5): error C3861: 'm_items': 식별자를 찾을 수 없습니다.
C:\Users\JBoom\Documents\Algorithm\Test1\CHeap\CHeap\csimplelist.cpp(83,18): error C3861: 'm_items': 식별자를 찾을 수 없습니다.
C:\Users\JBoom\Documents\Algorithm\Test1\CHeap\CHeap\csimplelist.cpp(89,4): error C3861: 'GetNumItems': 식별자를 찾을 수 없습니다.
C:\Users\JBoom\Documents\Algorithm\Test1\CHeap\CHeap\csimplelist.cpp(89,15): message : 'GetNumItems': 인수가 템플릿 매개 변수에 종속되지 않으므로 함수 선언을 사용할 수 있어야 합니다.
C:\Users\JBoom\Documents\Algorithm\Test1\CHeap\CHeap\csimplelist.cpp(91,5): error C3861: 'm_items': 식별자를 찾을 수 없습니다.
C:\Users\JBoom\Documents\Algorithm\Test1\CHeap\CHeap\csimplelist.cpp(91,18): error C3861: 'm_items': 식별자를 찾을 수 없습니다.
  main.cpp
C:\Users\JBoom\Documents\Algorithm\Test1\CHeap\CHeap\csimplelist.cpp(98,2): error C2953: 'CSimpleList': 클래스 템플릿이 이미 정의되었습니다.
C:\Users\JBoom\Documents\Algorithm\Test1\CHeap\CHeap\csimplelist.cpp(2): message : 'CSimpleList' 선언을 참조하십시오.
C:\Users\JBoom\Documents\Algorithm\Test1\CHeap\CHeap\cheap.h(34,1): error C2955: 'CSimpleList': 클래스 템플릿을(를) 사용하려면 템플릿 인수 목록이 필요합니다.
C:\Users\JBoom\Documents\Algorithm\Test1\CHeap\CHeap\csimplelist.cpp(2): message : 'CSimpleList' 선언을 참조하십시오.
C:\Users\JBoom\Documents\Algorithm\Test1\CHeap\CHeap\cheap.h(49): message : 컴파일되는 클래스 템플릿 인스턴스화 'CHeap<HeapType>'에 대한 참조를 확인하세요.
C:\Users\JBoom\Documents\Algorithm\Test1\CHeap\CHeap\cheap.cpp(28,2): error C2953: 'CHeap': 클래스 템플릿이 이미 정의되었습니다.
C:\Users\JBoom\Documents\Algorithm\Test1\CHeap\CHeap\cheap.cpp(2): message : 'CHeap' 선언을 참조하십시오.
C:\Users\JBoom\Documents\Algorithm\Test1\CHeap\CHeap\main.cpp(8,21): error C2512: 'CHeap': 사용할 수 있는 적절한 기본 생성자가 없습니다.
C:\Users\JBoom\Documents\Algorithm\Test1\CHeap\CHeap\cheap.cpp(2,7): message : 'CHeap' 선언을 참조하십시오.
C:\Users\JBoom\Documents\Algorithm\Test1\CHeap\CHeap\main.cpp(17,42): error C2662: 'void CHeap<HeapType>::Insert(const HeapType &)': 'this' 포인터를 'CHeap'에서 'CHeap<HeapType> &'(으)로 변환할 수 없습니다.
C:\Users\JBoom\Documents\Algorithm\Test1\CHeap\CHeap\main.cpp(17,42): message : 원인: 'CHeap'에서 'CHeap<HeapType>'(으)로 변환할 수 없습니다.
C:\Users\JBoom\Documents\Algorithm\Test1\CHeap\CHeap\main.cpp(17,13): message : 변환하려면 둘째 사용자 정의 변환 연산자 또는 생성자가 있어야 합니다.
C:\Users\JBoom\Documents\Algorithm\Test1\CHeap\CHeap\cheap.h(42,13): message : 'CHeap<HeapType>::Insert' 선언을 참조하십시오.
C:\Users\JBoom\Documents\Algorithm\Test1\CHeap\CHeap\main.cpp(32,33): error C2662: 'void CHeap<HeapType>::Remove(HeapType &)': 'this' 포인터를 'CHeap'에서 'CHeap<HeapType> &'(으)로 변환할 수 없습니다.
C:\Users\JBoom\Documents\Algorithm\Test1\CHeap\CHeap\main.cpp(32,33): message : 원인: 'CHeap'에서 'CHeap<HeapType>'(으)로 변환할 수 없습니다.
C:\Users\JBoom\Documents\Algorithm\Test1\CHeap\CHeap\main.cpp(32,13): message : 변환하려면 둘째 사용자 정의 변환 연산자 또는 생성자가 있어야 합니다.
C:\Users\JBoom\Documents\Algorithm\Test1\CHeap\CHeap\cheap.h(44,13): message : 'CHeap<HeapType>::Remove' 선언을 참조하십시오.
  코드를 생성하고 있습니다...
